2015-11-10 15:26:56 10fc InnoDB: Warning: Using innodb_additional_mem_pool_size is DEPRECATED. This option may be removed in future releases, together with the option innodb_use_sys_malloc and with the InnoDB's internal memory allocator.
2015-11-10 15:26:56 4348 [Note] InnoDB: Using mutexes to ref count buffer pool pages
2015-11-10 15:26:56 4348 [Note] InnoDB: The InnoDB memory heap is disabled
2015-11-10 15:26:56 4348 [Note] InnoDB: Mutexes and rw_locks use Windows interlocked functions
2015-11-10 15:26:56 4348 [Note] InnoDB: Memory barrier is not used
2015-11-10 15:26:56 4348 [Note] InnoDB: Compressed tables use zlib 1.2.3
2015-11-10 15:26:56 4348 [Note] InnoDB: Not using CPU crc32 instructions
2015-11-10 15:26:56 4348 [Note] InnoDB: Initializing buffer pool, size = 16.0M
2015-11-10 15:26:56 4348 [Note] InnoDB: Completed initialization of buffer pool
2015-11-10 15:26:56 4348 [Note] InnoDB: Highest supported file format is Barracuda.
2015-11-10 15:26:57 4348 [Note] InnoDB: 128 rollback segment(s) are active.
2015-11-10 15:26:57 4348 [Note] InnoDB: Waiting for purge to start
2015-11-10 15:26:57 4348 [Note] InnoDB:  Percona XtraDB (http://www.percona.com) 5.6.26-74.0 started; log sequence number 1835027
2015-11-10 15:26:57 6140 [Note] InnoDB: Dumping buffer pool(s) not yet started
2015-11-10 15:26:57 4348 [Note] Plugin 'FEEDBACK' is disabled.
2015-11-10 15:26:57 4348 [Note] Server socket created on IP: '::'.
2015-11-10 15:26:57 4348 [Note] Event Scheduler: Loaded 0 events
2015-11-10 15:26:57 4348 [Note] C:\xampp\mysql\bin\mysqld.exe: ready for connections.
Version: '10.1.8-MariaDB'  socket: ''  port: 3306  mariadb.org binary distribution
2015-11-10 15:27:11 5152 [Note] C:\xampp\mysql\bin\mysqld.exe: Normal shutdown

2015-11-10 15:27:11 5152 [Note] Event Scheduler: Purging the queue. 0 events
2015-11-10 15:27:11 5732 [Note] InnoDB: FTS optimize thread exiting.
2015-11-10 15:27:11 5152 [Note] InnoDB: Starting shutdown...
2015-11-10 15:27:13 5152 [Note] InnoDB: Shutdown completed; log sequence number 1835037
2015-11-10 15:27:13 5152 [Note] C:\xampp\mysql\bin\mysqld.exe: Shutdown complete

2016-04-03 14:17:15 1d8 InnoDB: Warning: Using innodb_additional_mem_pool_size is DEPRECATED. This option may be removed in future releases, together with the option innodb_use_sys_malloc and with the InnoDB's internal memory allocator.
2016-04-03 14:17:15 472 [Note] InnoDB: Using mutexes to ref count buffer pool pages
2016-04-03 14:17:15 472 [Note] InnoDB: The InnoDB memory heap is disabled
2016-04-03 14:17:15 472 [Note] InnoDB: Mutexes and rw_locks use Windows interlocked functions
2016-04-03 14:17:15 472 [Note] InnoDB: Memory barrier is not used
2016-04-03 14:17:15 472 [Note] InnoDB: Compressed tables use zlib 1.2.3
2016-04-03 14:17:15 472 [Note] InnoDB: Using generic crc32 instructions
2016-04-03 14:17:15 472 [Note] InnoDB: Initializing buffer pool, size = 16.0M
2016-04-03 14:17:15 472 [Note] InnoDB: Completed initialization of buffer pool
2016-04-03 14:17:15 472 [Note] InnoDB: Highest supported file format is Barracuda.
2016-04-03 14:17:15 472 [Note] InnoDB: 128 rollback segment(s) are active.
2016-04-03 14:17:15 472 [Note] InnoDB: Waiting for purge to start
2016-04-03 14:17:15 472 [Note] InnoDB:  Percona XtraDB (http://www.percona.com) 5.6.26-76.0 started; log sequence number 1835037
2016-04-03 14:17:15 9352 [Note] InnoDB: Dumping buffer pool(s) not yet started
2016-04-03 14:17:15 472 [Note] Plugin 'FEEDBACK' is disabled.
2016-04-03 14:17:15 472 [Note] Server socket created on IP: '::'.
2016-04-03 14:17:15 472 [Note] c:\xampp\mysql\bin\mysqld.exe: ready for connections.
Version: '10.1.10-MariaDB'  socket: ''  port: 3306  mariadb.org binary distribution
2016-04-03 14:19:15 7732 [Note] c:\xampp\mysql\bin\mysqld.exe: Normal shutdown

2016-04-03 14:19:15 7732 [Note] Event Scheduler: Purging the queue. 0 events
2016-04-03 14:19:15 5932 [Note] InnoDB: FTS optimize thread exiting.
2016-04-03 14:19:15 7732 [Note] InnoDB: Starting shutdown...
2016-04-03 14:19:16 7732 [Note] InnoDB: Shutdown completed; log sequence number 1835461
2016-04-03 14:19:16 7732 [Note] c:\xampp\mysql\bin\mysqld.exe: Shutdown complete

2016-04-03 14:19:18 188c InnoDB: Warning: Using innodb_additional_mem_pool_size is DEPRECATED. This option may be removed in future releases, together with the option innodb_use_sys_malloc and with the InnoDB's internal memory allocator.
2016-04-03 14:19:18 6284 [Note] InnoDB: Using mutexes to ref count buffer pool pages
2016-04-03 14:19:18 6284 [Note] InnoDB: The InnoDB memory heap is disabled
2016-04-03 14:19:18 6284 [Note] InnoDB: Mutexes and rw_locks use Windows interlocked functions
2016-04-03 14:19:18 6284 [Note] InnoDB: Memory barrier is not used
2016-04-03 14:19:18 6284 [Note] InnoDB: Compressed tables use zlib 1.2.3
2016-04-03 14:19:18 6284 [Note] InnoDB: Using generic crc32 instructions
2016-04-03 14:19:18 6284 [Note] InnoDB: Initializing buffer pool, size = 16.0M
2016-04-03 14:19:18 6284 [Note] InnoDB: Completed initialization of buffer pool
2016-04-03 14:19:18 6284 [Note] InnoDB: Highest supported file format is Barracuda.
2016-04-03 14:19:18 6284 [Note] InnoDB: 128 rollback segment(s) are active.
2016-04-03 14:19:18 6284 [Note] InnoDB: Waiting for purge to start
2016-04-03 14:19:18 6284 [Note] InnoDB:  Percona XtraDB (http://www.percona.com) 5.6.26-76.0 started; log sequence number 1835461
2016-04-03 14:19:18 10192 [Note] InnoDB: Dumping buffer pool(s) not yet started
2016-04-03 14:19:18 6284 [Note] Plugin 'FEEDBACK' is disabled.
2016-04-03 14:19:18 6284 [Note] Server socket created on IP: '::'.
2016-04-03 14:19:18 6284 [Note] c:\xampp\mysql\bin\mysqld.exe: ready for connections.
Version: '10.1.10-MariaDB'  socket: ''  port: 3306  mariadb.org binary distribution
2016-04-03 14:19:18 8492 [Note] c:\xampp\mysql\bin\mysqld.exe: Normal shutdown

2016-04-03 14:19:18 8492 [Note] Event Scheduler: Purging the queue. 0 events
2016-04-03 14:19:18 10104 [Note] InnoDB: FTS optimize thread exiting.
2016-04-03 14:19:18 8492 [Note] InnoDB: Starting shutdown...
2016-04-03 14:19:20 8492 [Note] InnoDB: Shutdown completed; log sequence number 1835471
2016-04-03 14:19:20 8492 [Note] c:\xampp\mysql\bin\mysqld.exe: Shutdown complete

2016-04-03 14:23:59 17f8 InnoDB: Warning: Using innodb_additional_mem_pool_size is DEPRECATED. This option may be removed in future releases, together with the option innodb_use_sys_malloc and with the InnoDB's internal memory allocator.
2016-04-03 14:23:59 6136 [Note] InnoDB: Using mutexes to ref count buffer pool pages
2016-04-03 14:23:59 6136 [Note] InnoDB: The InnoDB memory heap is disabled
2016-04-03 14:23:59 6136 [Note] InnoDB: Mutexes and rw_locks use Windows interlocked functions
2016-04-03 14:23:59 6136 [Note] InnoDB: Memory barrier is not used
2016-04-03 14:23:59 6136 [Note] InnoDB: Compressed tables use zlib 1.2.3
2016-04-03 14:23:59 6136 [Note] InnoDB: Using generic crc32 instructions
2016-04-03 14:23:59 6136 [Note] InnoDB: Initializing buffer pool, size = 16.0M
2016-04-03 14:23:59 6136 [Note] InnoDB: Completed initialization of buffer pool
2016-04-03 14:23:59 6136 [Note] InnoDB: Highest supported file format is Barracuda.
2016-04-03 14:23:59 6136 [Note] InnoDB: 128 rollback segment(s) are active.
2016-04-03 14:23:59 6136 [Note] InnoDB: Waiting for purge to start
2016-04-03 14:23:59 6136 [Note] InnoDB:  Percona XtraDB (http://www.percona.com) 5.6.26-76.0 started; log sequence number 1835471
2016-04-03 14:23:59 6572 [Note] InnoDB: Dumping buffer pool(s) not yet started
2016-04-03 14:23:59 6136 [Note] Plugin 'FEEDBACK' is disabled.
2016-04-03 14:23:59 6136 [Note] Server socket created on IP: '::'.
2016-04-03 14:25:03 cd8 InnoDB: Warning: Using innodb_additional_mem_pool_size is DEPRECATED. This option may be removed in future releases, together with the option innodb_use_sys_malloc and with the InnoDB's internal memory allocator.
2016-04-03 14:25:03 3288 [Note] InnoDB: Using mutexes to ref count buffer pool pages
2016-04-03 14:25:03 3288 [Note] InnoDB: The InnoDB memory heap is disabled
2016-04-03 14:25:03 3288 [Note] InnoDB: Mutexes and rw_locks use Windows interlocked functions
2016-04-03 14:25:03 3288 [Note] InnoDB: Memory barrier is not used
2016-04-03 14:25:03 3288 [Note] InnoDB: Compressed tables use zlib 1.2.3
2016-04-03 14:25:03 3288 [Note] InnoDB: Using generic crc32 instructions
2016-04-03 14:25:03 3288 [Note] InnoDB: Initializing buffer pool, size = 16.0M
2016-04-03 14:25:03 3288 [Note] InnoDB: Completed initialization of buffer pool
2016-04-03 14:25:03 3288 [Note] InnoDB: Highest supported file format is Barracuda.
2016-04-03 14:25:03 3288 [Note] InnoDB: The log sequence numbers 1835471 and 1835471 in ibdata files do not match the log sequence number 1835481 in the ib_logfiles!
2016-04-03 14:25:03 3288 [Note] InnoDB: Database was not shutdown normally!
2016-04-03 14:25:03 3288 [Note] InnoDB: Starting crash recovery.
2016-04-03 14:25:03 3288 [Note] InnoDB: Reading tablespace information from the .ibd files...
2016-04-03 14:25:03 3288 [Note] InnoDB: Restoring possible half-written data pages 
2016-04-03 14:25:03 3288 [Note] InnoDB: from the doublewrite buffer...
2016-04-03 14:25:03 3288 [Note] InnoDB: 128 rollback segment(s) are active.
2016-04-03 14:25:03 3288 [Note] InnoDB: Waiting for purge to start
2016-04-03 14:25:03 3288 [Note] InnoDB:  Percona XtraDB (http://www.percona.com) 5.6.26-76.0 started; log sequence number 1835481
2016-04-03 14:25:03 7964 [Note] InnoDB: Dumping buffer pool(s) not yet started
2016-04-03 14:25:03 3288 [Note] Plugin 'FEEDBACK' is disabled.
2016-04-03 14:25:03 3288 [Note] Server socket created on IP: '::'.
2016-04-03 14:26:48 17b8 InnoDB: Warning: Using innodb_additional_mem_pool_size is DEPRECATED. This option may be removed in future releases, together with the option innodb_use_sys_malloc and with the InnoDB's internal memory allocator.
2016-04-03 14:26:48 6072 [Note] InnoDB: Using mutexes to ref count buffer pool pages
2016-04-03 14:26:48 6072 [Note] InnoDB: The InnoDB memory heap is disabled
2016-04-03 14:26:48 6072 [Note] InnoDB: Mutexes and rw_locks use Windows interlocked functions
2016-04-03 14:26:48 6072 [Note] InnoDB: Memory barrier is not used
2016-04-03 14:26:48 6072 [Note] InnoDB: Compressed tables use zlib 1.2.3
2016-04-03 14:26:48 6072 [Note] InnoDB: Using generic crc32 instructions
2016-04-03 14:26:48 6072 [Note] InnoDB: Initializing buffer pool, size = 16.0M
2016-04-03 14:26:48 6072 [Note] InnoDB: Completed initialization of buffer pool
2016-04-03 14:26:48 6072 [Note] InnoDB: Highest supported file format is Barracuda.
2016-04-03 14:26:48 6072 [Note] InnoDB: The log sequence numbers 1835471 and 1835471 in ibdata files do not match the log sequence number 1835491 in the ib_logfiles!
2016-04-03 14:26:48 6072 [Note] InnoDB: Database was not shutdown normally!
2016-04-03 14:26:48 6072 [Note] InnoDB: Starting crash recovery.
2016-04-03 14:26:48 6072 [Note] InnoDB: Reading tablespace information from the .ibd files...
2016-04-03 14:26:48 6072 [Note] InnoDB: Restoring possible half-written data pages 
2016-04-03 14:26:48 6072 [Note] InnoDB: from the doublewrite buffer...
2016-04-03 14:26:48 6072 [Note] InnoDB: 128 rollback segment(s) are active.
2016-04-03 14:26:48 6072 [Note] InnoDB: Waiting for purge to start
2016-04-03 14:26:48 6072 [Note] InnoDB:  Percona XtraDB (http://www.percona.com) 5.6.26-76.0 started; log sequence number 1835491
2016-04-03 14:26:48 9852 [Note] InnoDB: Dumping buffer pool(s) not yet started
2016-04-03 14:26:49 6072 [Note] Plugin 'FEEDBACK' is disabled.
2016-04-03 14:26:49 6072 [Note] Server socket created on IP: '::'.
2016-04-06 13:14:42 1d34 InnoDB: Warning: Using innodb_additional_mem_pool_size is DEPRECATED. This option may be removed in future releases, together with the option innodb_use_sys_malloc and with the InnoDB's internal memory allocator.
2016-04-06 13:14:42 7476 [Note] InnoDB: Using mutexes to ref count buffer pool pages
2016-04-06 13:14:42 7476 [Note] InnoDB: The InnoDB memory heap is disabled
2016-04-06 13:14:42 7476 [Note] InnoDB: Mutexes and rw_locks use Windows interlocked functions
2016-04-06 13:14:42 7476 [Note] InnoDB: Memory barrier is not used
2016-04-06 13:14:42 7476 [Note] InnoDB: Compressed tables use zlib 1.2.3
2016-04-06 13:14:42 7476 [Note] InnoDB: Using generic crc32 instructions
2016-04-06 13:14:42 1d34  InnoDB: Error: unable to create temporary file; errno: 0
2016-04-06 13:14:42 7476 [ERROR] Plugin 'InnoDB' init function returned error.
2016-04-06 13:14:42 7476 [ERROR] Plugin 'InnoDB' registration as a STORAGE ENGINE failed.
2016-04-06 13:14:42 7476 [Note] Plugin 'FEEDBACK' is disabled.
2016-04-06 13:14:42 7476 [ERROR] Unknown/unsupported storage engine: InnoDB
2016-04-06 13:14:42 7476 [ERROR] Aborting

2016-04-06 13:19:27 84c InnoDB: Warning: Using innodb_additional_mem_pool_size is DEPRECATED. This option may be removed in future releases, together with the option innodb_use_sys_malloc and with the InnoDB's internal memory allocator.
2016-04-06 13:19:27 2124 [Note] InnoDB: Using mutexes to ref count buffer pool pages
2016-04-06 13:19:27 2124 [Note] InnoDB: The InnoDB memory heap is disabled
2016-04-06 13:19:27 2124 [Note] InnoDB: Mutexes and rw_locks use Windows interlocked functions
2016-04-06 13:19:27 2124 [Note] InnoDB: Memory barrier is not used
2016-04-06 13:19:27 2124 [Note] InnoDB: Compressed tables use zlib 1.2.3
2016-04-06 13:19:27 2124 [Note] InnoDB: Using generic crc32 instructions
2016-04-06 13:19:27 84c  InnoDB: Error: unable to create temporary file; errno: 0
2016-04-06 13:19:27 2124 [ERROR] Plugin 'InnoDB' init function returned error.
2016-04-06 13:19:27 2124 [ERROR] Plugin 'InnoDB' registration as a STORAGE ENGINE failed.
2016-04-06 13:19:27 2124 [Note] Plugin 'FEEDBACK' is disabled.
2016-04-06 13:19:27 2124 [ERROR] Unknown/unsupported storage engine: InnoDB
2016-04-06 13:19:27 2124 [ERROR] Aborting

2016-04-06 13:22:04 1b54 InnoDB: Warning: Using innodb_additional_mem_pool_size is DEPRECATED. This option may be removed in future releases, together with the option innodb_use_sys_malloc and with the InnoDB's internal memory allocator.
2016-04-06 13:22:04 6996 [Note] InnoDB: Using mutexes to ref count buffer pool pages
2016-04-06 13:22:04 6996 [Note] InnoDB: The InnoDB memory heap is disabled
2016-04-06 13:22:04 6996 [Note] InnoDB: Mutexes and rw_locks use Windows interlocked functions
2016-04-06 13:22:04 6996 [Note] InnoDB: Memory barrier is not used
2016-04-06 13:22:04 6996 [Note] InnoDB: Compressed tables use zlib 1.2.3
2016-04-06 13:22:04 6996 [Note] InnoDB: Using generic crc32 instructions
2016-04-06 13:22:04 1b54  InnoDB: Error: unable to create temporary file; errno: 0
2016-04-06 13:22:04 6996 [ERROR] Plugin 'InnoDB' init function returned error.
2016-04-06 13:22:04 6996 [ERROR] Plugin 'InnoDB' registration as a STORAGE ENGINE failed.
2016-04-06 13:22:04 6996 [Note] Plugin 'FEEDBACK' is disabled.
2016-04-06 13:22:04 6996 [ERROR] Unknown/unsupported storage engine: InnoDB
2016-04-06 13:22:04 6996 [ERROR] Aborting

2016-04-06 13:22:07 1ebc InnoDB: Warning: Using innodb_additional_mem_pool_size is DEPRECATED. This option may be removed in future releases, together with the option innodb_use_sys_malloc and with the InnoDB's internal memory allocator.
2016-04-06 13:22:07 7868 [Note] InnoDB: Using mutexes to ref count buffer pool pages
2016-04-06 13:22:07 7868 [Note] InnoDB: The InnoDB memory heap is disabled
2016-04-06 13:22:07 7868 [Note] InnoDB: Mutexes and rw_locks use Windows interlocked functions
2016-04-06 13:22:07 7868 [Note] InnoDB: Memory barrier is not used
2016-04-06 13:22:07 7868 [Note] InnoDB: Compressed tables use zlib 1.2.3
2016-04-06 13:22:07 7868 [Note] InnoDB: Using generic crc32 instructions
2016-04-06 13:22:07 1ebc  InnoDB: Error: unable to create temporary file; errno: 0
2016-04-06 13:22:07 7868 [ERROR] Plugin 'InnoDB' init function returned error.
2016-04-06 13:22:07 7868 [ERROR] Plugin 'InnoDB' registration as a STORAGE ENGINE failed.
2016-04-06 13:22:07 7868 [Note] Plugin 'FEEDBACK' is disabled.
2016-04-06 13:22:07 7868 [ERROR] Unknown/unsupported storage engine: InnoDB
2016-04-06 13:22:07 7868 [ERROR] Aborting

2016-04-06 13:22:08 1cfc InnoDB: Warning: Using innodb_additional_mem_pool_size is DEPRECATED. This option may be removed in future releases, together with the option innodb_use_sys_malloc and with the InnoDB's internal memory allocator.
2016-04-06 13:22:08 7420 [Note] InnoDB: Using mutexes to ref count buffer pool pages
2016-04-06 13:22:08 7420 [Note] InnoDB: The InnoDB memory heap is disabled
2016-04-06 13:22:08 7420 [Note] InnoDB: Mutexes and rw_locks use Windows interlocked functions
2016-04-06 13:22:08 7420 [Note] InnoDB: Memory barrier is not used
2016-04-06 13:22:08 7420 [Note] InnoDB: Compressed tables use zlib 1.2.3
2016-04-06 13:22:08 7420 [Note] InnoDB: Using generic crc32 instructions
2016-04-06 13:22:08 1cfc  InnoDB: Error: unable to create temporary file; errno: 0
2016-04-06 13:22:08 7420 [ERROR] Plugin 'InnoDB' init function returned error.
2016-04-06 13:22:08 7420 [ERROR] Plugin 'InnoDB' registration as a STORAGE ENGINE failed.
2016-04-06 13:22:08 7420 [Note] Plugin 'FEEDBACK' is disabled.
2016-04-06 13:22:08 7420 [ERROR] Unknown/unsupported storage engine: InnoDB
2016-04-06 13:22:08 7420 [ERROR] Aborting

2016-04-06 13:23:26 1268 InnoDB: Warning: Using innodb_additional_mem_pool_size is DEPRECATED. This option may be removed in future releases, together with the option innodb_use_sys_malloc and with the InnoDB's internal memory allocator.
2016-04-06 13:23:26 4712 [Note] InnoDB: Using mutexes to ref count buffer pool pages
2016-04-06 13:23:26 4712 [Note] InnoDB: The InnoDB memory heap is disabled
2016-04-06 13:23:26 4712 [Note] InnoDB: Mutexes and rw_locks use Windows interlocked functions
2016-04-06 13:23:26 4712 [Note] InnoDB: Memory barrier is not used
2016-04-06 13:23:26 4712 [Note] InnoDB: Compressed tables use zlib 1.2.3
2016-04-06 13:23:26 4712 [Note] InnoDB: Using generic crc32 instructions
2016-04-06 13:23:26 1268  InnoDB: Error: unable to create temporary file; errno: 0
2016-04-06 13:23:26 4712 [ERROR] Plugin 'InnoDB' init function returned error.
2016-04-06 13:23:26 4712 [ERROR] Plugin 'InnoDB' registration as a STORAGE ENGINE failed.
2016-04-06 13:23:26 4712 [Note] Plugin 'FEEDBACK' is disabled.
2016-04-06 13:23:26 4712 [ERROR] Unknown/unsupported storage engine: InnoDB
2016-04-06 13:23:26 4712 [ERROR] Aborting

2016-04-06 13:25:56 10e4 InnoDB: Warning: Using innodb_additional_mem_pool_size is DEPRECATED. This option may be removed in future releases, together with the option innodb_use_sys_malloc and with the InnoDB's internal memory allocator.
2016-04-06 13:25:56 4324 [Note] InnoDB: Using mutexes to ref count buffer pool pages
2016-04-06 13:25:56 4324 [Note] InnoDB: The InnoDB memory heap is disabled
2016-04-06 13:25:56 4324 [Note] InnoDB: Mutexes and rw_locks use Windows interlocked functions
2016-04-06 13:25:56 4324 [Note] InnoDB: Memory barrier is not used
2016-04-06 13:25:56 4324 [Note] InnoDB: Compressed tables use zlib 1.2.3
2016-04-06 13:25:56 4324 [Note] InnoDB: Using generic crc32 instructions
2016-04-06 13:25:56 10e4  InnoDB: Error: unable to create temporary file; errno: 0
2016-04-06 13:25:56 4324 [ERROR] Plugin 'InnoDB' init function returned error.
2016-04-06 13:25:56 4324 [ERROR] Plugin 'InnoDB' registration as a STORAGE ENGINE failed.
2016-04-06 13:25:56 4324 [Note] Plugin 'FEEDBACK' is disabled.
2016-04-06 13:25:56 4324 [ERROR] Unknown/unsupported storage engine: InnoDB
2016-04-06 13:25:56 4324 [ERROR] Aborting

2016-04-06 13:25:59 184c InnoDB: Warning: Using innodb_additional_mem_pool_size is DEPRECATED. This option may be removed in future releases, together with the option innodb_use_sys_malloc and with the InnoDB's internal memory allocator.
2016-04-06 13:25:59 6220 [Note] InnoDB: Using mutexes to ref count buffer pool pages
2016-04-06 13:25:59 6220 [Note] InnoDB: The InnoDB memory heap is disabled
2016-04-06 13:25:59 6220 [Note] InnoDB: Mutexes and rw_locks use Windows interlocked functions
2016-04-06 13:25:59 6220 [Note] InnoDB: Memory barrier is not used
2016-04-06 13:25:59 6220 [Note] InnoDB: Compressed tables use zlib 1.2.3
2016-04-06 13:25:59 6220 [Note] InnoDB: Using generic crc32 instructions
2016-04-06 13:25:59 184c  InnoDB: Error: unable to create temporary file; errno: 0
2016-04-06 13:25:59 6220 [ERROR] Plugin 'InnoDB' init function returned error.
2016-04-06 13:25:59 6220 [ERROR] Plugin 'InnoDB' registration as a STORAGE ENGINE failed.
2016-04-06 13:25:59 6220 [Note] Plugin 'FEEDBACK' is disabled.
2016-04-06 13:25:59 6220 [ERROR] Unknown/unsupported storage engine: InnoDB
2016-04-06 13:25:59 6220 [ERROR] Aborting

2016-04-06 13:30:17 1d04 InnoDB: Warning: Using innodb_additional_mem_pool_size is DEPRECATED. This option may be removed in future releases, together with the option innodb_use_sys_malloc and with the InnoDB's internal memory allocator.
2016-04-06 13:30:17 7428 [Note] InnoDB: Using mutexes to ref count buffer pool pages
2016-04-06 13:30:17 7428 [Note] InnoDB: The InnoDB memory heap is disabled
2016-04-06 13:30:17 7428 [Note] InnoDB: Mutexes and rw_locks use Windows interlocked functions
2016-04-06 13:30:17 7428 [Note] InnoDB: Memory barrier is not used
2016-04-06 13:30:17 7428 [Note] InnoDB: Compressed tables use zlib 1.2.3
2016-04-06 13:30:17 7428 [Note] InnoDB: Using generic crc32 instructions
2016-04-06 13:30:17 1d04  InnoDB: Error: unable to create temporary file; errno: 0
2016-04-06 13:30:17 7428 [ERROR] Plugin 'InnoDB' init function returned error.
2016-04-06 13:30:17 7428 [ERROR] Plugin 'InnoDB' registration as a STORAGE ENGINE failed.
2016-04-06 13:30:17 7428 [Note] Plugin 'FEEDBACK' is disabled.
2016-04-06 13:30:17 7428 [ERROR] Unknown/unsupported storage engine: InnoDB
2016-04-06 13:30:17 7428 [ERROR] Aborting

2016-04-06 13:30:24 1b4c InnoDB: Warning: Using innodb_additional_mem_pool_size is DEPRECATED. This option may be removed in future releases, together with the option innodb_use_sys_malloc and with the InnoDB's internal memory allocator.
2016-04-06 13:30:24 6988 [Note] InnoDB: Using mutexes to ref count buffer pool pages
2016-04-06 13:30:24 6988 [Note] InnoDB: The InnoDB memory heap is disabled
2016-04-06 13:30:24 6988 [Note] InnoDB: Mutexes and rw_locks use Windows interlocked functions
2016-04-06 13:30:24 6988 [Note] InnoDB: Memory barrier is not used
2016-04-06 13:30:24 6988 [Note] InnoDB: Compressed tables use zlib 1.2.3
2016-04-06 13:30:24 6988 [Note] InnoDB: Using generic crc32 instructions
2016-04-06 13:30:24 1b4c  InnoDB: Error: unable to create temporary file; errno: 0
2016-04-06 13:30:24 6988 [ERROR] Plugin 'InnoDB' init function returned error.
2016-04-06 13:30:24 6988 [ERROR] Plugin 'InnoDB' registration as a STORAGE ENGINE failed.
2016-04-06 13:30:24 6988 [Note] Plugin 'FEEDBACK' is disabled.
2016-04-06 13:30:24 6988 [ERROR] Unknown/unsupported storage engine: InnoDB
2016-04-06 13:30:24 6988 [ERROR] Aborting

2016-04-06 13:30:25 1d00 InnoDB: Warning: Using innodb_additional_mem_pool_size is DEPRECATED. This option may be removed in future releases, together with the option innodb_use_sys_malloc and with the InnoDB's internal memory allocator.
2016-04-06 13:30:25 7424 [Note] InnoDB: Using mutexes to ref count buffer pool pages
2016-04-06 13:30:25 7424 [Note] InnoDB: The InnoDB memory heap is disabled
2016-04-06 13:30:25 7424 [Note] InnoDB: Mutexes and rw_locks use Windows interlocked functions
2016-04-06 13:30:25 7424 [Note] InnoDB: Memory barrier is not used
2016-04-06 13:30:25 7424 [Note] InnoDB: Compressed tables use zlib 1.2.3
2016-04-06 13:30:25 7424 [Note] InnoDB: Using generic crc32 instructions
2016-04-06 13:30:25 1d00  InnoDB: Error: unable to create temporary file; errno: 0
2016-04-06 13:30:25 7424 [ERROR] Plugin 'InnoDB' init function returned error.
2016-04-06 13:30:25 7424 [ERROR] Plugin 'InnoDB' registration as a STORAGE ENGINE failed.
2016-04-06 13:30:25 7424 [Note] Plugin 'FEEDBACK' is disabled.
2016-04-06 13:30:25 7424 [ERROR] Unknown/unsupported storage engine: InnoDB
2016-04-06 13:30:25 7424 [ERROR] Aborting

2016-04-06 13:30:45 11e0 InnoDB: Warning: Using innodb_additional_mem_pool_size is DEPRECATED. This option may be removed in future releases, together with the option innodb_use_sys_malloc and with the InnoDB's internal memory allocator.
2016-04-06 13:30:45 4576 [Note] InnoDB: Using mutexes to ref count buffer pool pages
2016-04-06 13:30:45 4576 [Note] InnoDB: The InnoDB memory heap is disabled
2016-04-06 13:30:45 4576 [Note] InnoDB: Mutexes and rw_locks use Windows interlocked functions
2016-04-06 13:30:45 4576 [Note] InnoDB: Memory barrier is not used
2016-04-06 13:30:45 4576 [Note] InnoDB: Compressed tables use zlib 1.2.3
2016-04-06 13:30:45 4576 [Note] InnoDB: Using generic crc32 instructions
2016-04-06 13:30:45 11e0  InnoDB: Error: unable to create temporary file; errno: 0
2016-04-06 13:30:45 4576 [ERROR] Plugin 'InnoDB' init function returned error.
2016-04-06 13:30:45 4576 [ERROR] Plugin 'InnoDB' registration as a STORAGE ENGINE failed.
2016-04-06 13:30:45 4576 [Note] Plugin 'FEEDBACK' is disabled.
2016-04-06 13:30:45 4576 [ERROR] Unknown/unsupported storage engine: InnoDB
2016-04-06 13:30:45 4576 [ERROR] Aborting

2016-04-06 13:31:15 b10 InnoDB: Warning: Using innodb_additional_mem_pool_size is DEPRECATED. This option may be removed in future releases, together with the option innodb_use_sys_malloc and with the InnoDB's internal memory allocator.
2016-04-06 13:31:15 2832 [Note] InnoDB: Using mutexes to ref count buffer pool pages
2016-04-06 13:31:15 2832 [Note] InnoDB: The InnoDB memory heap is disabled
2016-04-06 13:31:15 2832 [Note] InnoDB: Mutexes and rw_locks use Windows interlocked functions
2016-04-06 13:31:15 2832 [Note] InnoDB: Memory barrier is not used
2016-04-06 13:31:15 2832 [Note] InnoDB: Compressed tables use zlib 1.2.3
2016-04-06 13:31:15 2832 [Note] InnoDB: Using generic crc32 instructions
2016-04-06 13:31:15 2832 [Note] InnoDB: Initializing buffer pool, size = 16.0M
2016-04-06 13:31:15 2832 [Note] InnoDB: Completed initialization of buffer pool
2016-04-06 13:31:15 2832 [Note] InnoDB: Highest supported file format is Barracuda.
2016-04-06 13:31:15 2832 [Note] InnoDB: The log sequence numbers 1835532 and 1835532 in ibdata files do not match the log sequence number 1835542 in the ib_logfiles!
2016-04-06 13:31:15 2832 [Note] InnoDB: Database was not shutdown normally!
2016-04-06 13:31:15 2832 [Note] InnoDB: Starting crash recovery.
2016-04-06 13:31:15 2832 [Note] InnoDB: Reading tablespace information from the .ibd files...
2016-04-06 13:31:15 2832 [Note] InnoDB: Restoring possible half-written data pages 
2016-04-06 13:31:15 2832 [Note] InnoDB: from the doublewrite buffer...
2016-04-06 13:31:15 2832 [Warning] InnoDB: Resizing redo log from 2*3072 to 2*320 pages, LSN=1835542
2016-04-06 13:31:15 2832 [Warning] InnoDB: Starting to delete and rewrite log files.
2016-04-06 13:31:15 2832 [Note] InnoDB: Setting log file \NPMM\mysql\data\ib_logfile101 size to 5 MB
2016-04-06 13:31:15 2832 [Note] InnoDB: Setting log file \NPMM\mysql\data\ib_logfile1 size to 5 MB
2016-04-06 13:31:15 2832 [Note] InnoDB: Renaming log file \NPMM\mysql\data\ib_logfile101 to \NPMM\mysql\data\ib_logfile0
2016-04-06 13:31:15 2832 [Warning] InnoDB: New log files created, LSN=1836044
2016-04-06 13:31:15 2832 [Note] InnoDB: 128 rollback segment(s) are active.
2016-04-06 13:31:15 2832 [Note] InnoDB: Waiting for purge to start
2016-04-06 13:31:15 2832 [Note] InnoDB:  Percona XtraDB (http://www.percona.com) 5.6.26-76.0 started; log sequence number 1835542
2016-04-06 13:31:15 3040 [Note] InnoDB: Dumping buffer pool(s) not yet started
2016-04-06 13:31:15 2832 [Note] Plugin 'FEEDBACK' is disabled.
2016-04-06 13:31:15 2832 [Note] Server socket created on IP: '::'.
2016-04-06 13:32:26 18e0 InnoDB: Warning: Using innodb_additional_mem_pool_size is DEPRECATED. This option may be removed in future releases, together with the option innodb_use_sys_malloc and with the InnoDB's internal memory allocator.
2016-04-06 13:32:26 6368 [Note] InnoDB: Using mutexes to ref count buffer pool pages
2016-04-06 13:32:26 6368 [Note] InnoDB: The InnoDB memory heap is disabled
2016-04-06 13:32:26 6368 [Note] InnoDB: Mutexes and rw_locks use Windows interlocked functions
2016-04-06 13:32:26 6368 [Note] InnoDB: Memory barrier is not used
2016-04-06 13:32:26 6368 [Note] InnoDB: Compressed tables use zlib 1.2.3
2016-04-06 13:32:26 6368 [Note] InnoDB: Using generic crc32 instructions
2016-04-06 13:32:26 6368 [Note] InnoDB: Initializing buffer pool, size = 16.0M
2016-04-06 13:32:26 6368 [Note] InnoDB: Completed initialization of buffer pool
2016-04-06 13:32:26 6368 [ERROR] InnoDB: \NPMM\mysql\data\ibdata1 can't be opened in read-write mode
2016-04-06 13:32:26 6368 [ERROR] InnoDB: The system tablespace must be writable!
2016-04-06 13:32:26 6368 [ERROR] Plugin 'InnoDB' init function returned error.
2016-04-06 13:32:26 6368 [ERROR] Plugin 'InnoDB' registration as a STORAGE ENGINE failed.
2016-04-06 13:32:26 6368 [Note] Plugin 'FEEDBACK' is disabled.
2016-04-06 13:32:26 6368 [ERROR] Unknown/unsupported storage engine: InnoDB
2016-04-06 13:32:26 6368 [ERROR] Aborting

2016-04-06 13:34:11 e74 InnoDB: Warning: Using innodb_additional_mem_pool_size is DEPRECATED. This option may be removed in future releases, together with the option innodb_use_sys_malloc and with the InnoDB's internal memory allocator.
2016-04-06 13:34:11 3700 [Note] InnoDB: Using mutexes to ref count buffer pool pages
2016-04-06 13:34:11 3700 [Note] InnoDB: The InnoDB memory heap is disabled
2016-04-06 13:34:11 3700 [Note] InnoDB: Mutexes and rw_locks use Windows interlocked functions
2016-04-06 13:34:11 3700 [Note] InnoDB: Memory barrier is not used
2016-04-06 13:34:11 3700 [Note] InnoDB: Compressed tables use zlib 1.2.3
2016-04-06 13:34:11 3700 [Note] InnoDB: Using generic crc32 instructions
2016-04-06 13:34:11 3700 [Note] InnoDB: Initializing buffer pool, size = 16.0M
2016-04-06 13:34:11 3700 [Note] InnoDB: Completed initialization of buffer pool
2016-04-06 13:34:12 3700 [ERROR] InnoDB: \NPMM\mysql\data\ibdata1 can't be opened in read-write mode
2016-04-06 13:34:12 3700 [ERROR] InnoDB: The system tablespace must be writable!
2016-04-06 13:34:12 3700 [ERROR] Plugin 'InnoDB' init function returned error.
2016-04-06 13:34:12 3700 [ERROR] Plugin 'InnoDB' registration as a STORAGE ENGINE failed.
2016-04-06 13:34:12 3700 [Note] Plugin 'FEEDBACK' is disabled.
2016-04-06 13:34:12 3700 [ERROR] Unknown/unsupported storage engine: InnoDB
2016-04-06 13:34:12 3700 [ERROR] Aborting

2016-04-06 13:35:36 480 InnoDB: Warning: Using innodb_additional_mem_pool_size is DEPRECATED. This option may be removed in future releases, together with the option innodb_use_sys_malloc and with the InnoDB's internal memory allocator.
2016-04-06 13:35:36 1152 [Note] InnoDB: Using mutexes to ref count buffer pool pages
2016-04-06 13:35:36 1152 [Note] InnoDB: The InnoDB memory heap is disabled
2016-04-06 13:35:36 1152 [Note] InnoDB: Mutexes and rw_locks use Windows interlocked functions
2016-04-06 13:35:36 1152 [Note] InnoDB: Memory barrier is not used
2016-04-06 13:35:36 1152 [Note] InnoDB: Compressed tables use zlib 1.2.3
2016-04-06 13:35:36 1152 [Note] InnoDB: Using generic crc32 instructions
2016-04-06 13:35:36 1152 [Note] InnoDB: Initializing buffer pool, size = 16.0M
2016-04-06 13:35:36 1152 [Note] InnoDB: Completed initialization of buffer pool
2016-04-06 13:35:36 1152 [ERROR] InnoDB: \NPMM\mysql\data\ibdata1 can't be opened in read-write mode
2016-04-06 13:35:36 1152 [ERROR] InnoDB: The system tablespace must be writable!
2016-04-06 13:35:36 1152 [ERROR] Plugin 'InnoDB' init function returned error.
2016-04-06 13:35:36 1152 [ERROR] Plugin 'InnoDB' registration as a STORAGE ENGINE failed.
2016-04-06 13:35:36 1152 [Note] Plugin 'FEEDBACK' is disabled.
2016-04-06 13:35:36 1152 [ERROR] Unknown/unsupported storage engine: InnoDB
2016-04-06 13:35:36 1152 [ERROR] Aborting

2016-04-06 13:36:05 15e0 InnoDB: Warning: Using innodb_additional_mem_pool_size is DEPRECATED. This option may be removed in future releases, together with the option innodb_use_sys_malloc and with the InnoDB's internal memory allocator.
2016-04-06 13:36:05 5600 [Note] InnoDB: Using mutexes to ref count buffer pool pages
2016-04-06 13:36:05 5600 [Note] InnoDB: The InnoDB memory heap is disabled
2016-04-06 13:36:05 5600 [Note] InnoDB: Mutexes and rw_locks use Windows interlocked functions
2016-04-06 13:36:05 5600 [Note] InnoDB: Memory barrier is not used
2016-04-06 13:36:05 5600 [Note] InnoDB: Compressed tables use zlib 1.2.3
2016-04-06 13:36:05 5600 [Note] InnoDB: Using generic crc32 instructions
2016-04-06 13:36:05 5600 [Note] InnoDB: Initializing buffer pool, size = 16.0M
2016-04-06 13:36:05 5600 [Note] InnoDB: Completed initialization of buffer pool
2016-04-06 13:36:05 5600 [ERROR] InnoDB: \NPMM\mysql\data\ibdata1 can't be opened in read-write mode
2016-04-06 13:36:05 5600 [ERROR] InnoDB: The system tablespace must be writable!
2016-04-06 13:36:05 5600 [ERROR] Plugin 'InnoDB' init function returned error.
2016-04-06 13:36:05 5600 [ERROR] Plugin 'InnoDB' registration as a STORAGE ENGINE failed.
2016-04-06 13:36:05 5600 [Note] Plugin 'FEEDBACK' is disabled.
2016-04-06 13:36:05 5600 [ERROR] Unknown/unsupported storage engine: InnoDB
2016-04-06 13:36:05 5600 [ERROR] Aborting

2016-04-06 13:40:17 187c InnoDB: Warning: Using innodb_additional_mem_pool_size is DEPRECATED. This option may be removed in future releases, together with the option innodb_use_sys_malloc and with the InnoDB's internal memory allocator.
2016-04-06 13:40:17 6268 [Note] InnoDB: Using mutexes to ref count buffer pool pages
2016-04-06 13:40:17 6268 [Note] InnoDB: The InnoDB memory heap is disabled
2016-04-06 13:40:17 6268 [Note] InnoDB: Mutexes and rw_locks use Windows interlocked functions
2016-04-06 13:40:17 6268 [Note] InnoDB: Memory barrier is not used
2016-04-06 13:40:17 6268 [Note] InnoDB: Compressed tables use zlib 1.2.3
2016-04-06 13:40:17 6268 [Note] InnoDB: Using generic crc32 instructions
2016-04-06 13:40:17 6268 [Note] InnoDB: Initializing buffer pool, size = 16.0M
2016-04-06 13:40:17 6268 [Note] InnoDB: Completed initialization of buffer pool
2016-04-06 13:40:17 6268 [ERROR] InnoDB: \NPMM\mysql\data\ibdata1 can't be opened in read-write mode
2016-04-06 13:40:17 6268 [ERROR] InnoDB: The system tablespace must be writable!
2016-04-06 13:40:17 6268 [ERROR] Plugin 'InnoDB' init function returned error.
2016-04-06 13:40:17 6268 [ERROR] Plugin 'InnoDB' registration as a STORAGE ENGINE failed.
2016-04-06 13:40:17 6268 [Note] Plugin 'FEEDBACK' is disabled.
2016-04-06 13:40:17 6268 [ERROR] Unknown/unsupported storage engine: InnoDB
2016-04-06 13:40:17 6268 [ERROR] Aborting

