2016-04-06 13:21:34 4260 [Note] InnoDB: Using mutexes to ref count buffer pool pages
2016-04-06 13:21:34 4260 [Note] InnoDB: The InnoDB memory heap is disabled
2016-04-06 13:21:34 4260 [Note] InnoDB: Mutexes and rw_locks use Windows interlocked functions
2016-04-06 13:21:34 4260 [Note] InnoDB: Memory barrier is not used
2016-04-06 13:21:34 4260 [Note] InnoDB: Compressed tables use zlib 1.2.3
2016-04-06 13:21:34 4260 [Note] InnoDB: Using generic crc32 instructions
2016-04-06 13:21:34 4260 [Note] InnoDB: Initializing buffer pool, size = 128.0M
2016-04-06 13:21:34 4260 [Note] InnoDB: Completed initialization of buffer pool
2016-04-06 13:21:34 4260 [Note] InnoDB: Highest supported file format is Barracuda.
2016-04-06 13:21:34 4260 [Note] InnoDB: The log sequence numbers 1835471 and 1835471 in ibdata files do not match the log sequence number 1835501 in the ib_logfiles!
2016-04-06 13:21:34 4260 [Note] InnoDB: Database was not shutdown normally!
2016-04-06 13:21:34 4260 [Note] InnoDB: Starting crash recovery.
2016-04-06 13:21:34 4260 [Note] InnoDB: Reading tablespace information from the .ibd files...
2016-04-06 13:21:34 4260 [Note] InnoDB: Restoring possible half-written data pages 
2016-04-06 13:21:34 4260 [Note] InnoDB: from the doublewrite buffer...
2016-04-06 13:21:34 4260 [Warning] InnoDB: Resizing redo log from 2*320 to 2*3072 pages, LSN=1835501
2016-04-06 13:21:34 4260 [Warning] InnoDB: Starting to delete and rewrite log files.
2016-04-06 13:21:34 4260 [Note] InnoDB: Setting log file .\ib_logfile101 size to 48 MB
2016-04-06 13:21:35 4260 [Note] InnoDB: Setting log file .\ib_logfile1 size to 48 MB
2016-04-06 13:21:35 4260 [Note] InnoDB: Renaming log file .\ib_logfile101 to .\ib_logfile0
2016-04-06 13:21:35 4260 [Warning] InnoDB: New log files created, LSN=1835532
2016-04-06 13:21:35 4260 [Note] InnoDB: 128 rollback segment(s) are active.
2016-04-06 13:21:35 4260 [Note] InnoDB: Waiting for purge to start
2016-04-06 13:21:35 4260 [Note] InnoDB:  Percona XtraDB (http://www.percona.com) 5.6.26-76.0 started; log sequence number 1835501
2016-04-06 13:21:35 2420 [Note] InnoDB: Dumping buffer pool(s) not yet started
2016-04-06 13:21:35 4260 [Note] Plugin 'FEEDBACK' is disabled.
2016-04-06 13:21:35 4260 [Note] Server socket created on IP: '::'.
